<?xml version="1.0" encoding="UTF-8"?>
<!-- Generated by org.testng.reporters.JUnitXMLReporter -->
<testsuite ignored="0" hostname="DESKTOP-73G0TGN" failures="0" tests="4" name="Default test" time="61.678" errors="0" timestamp="2023-03-05T08:43:35 IST">
  <testcase classname="core.DependsOnMethod" name="testCaseOne" time="0.441"/>
  <testcase classname="core.DependsOnMethod" name="testCaseTwo" time="0.303"/>
  <testcase classname="core.DependsOnMethod" name="testCaseThree" time="1.856"/>
  <testcase classname="core.DependsOnMethod" name="testCaseFour" time="0.307"/>
</testsuite> <!-- Default test -->
