<?xml version="1.0" encoding="UTF-8"?>
<!-- Generated by org.testng.reporters.JUnitXMLReporter -->
<testsuite ignored="2" hostname="DESKTOP-73G0TGN" failures="0" tests="2" name="Default test" time="20.426" errors="0" timestamp="2023-03-05T08:07:03 IST">
  <testcase classname="core.EnableAndDisable" name="testCaseFour" time="0.34"/>
  <testcase classname="core.EnableAndDisable" name="testCaseThree" time="0.337"/>
  <testcase classname="core.EnableAndDisable" name="testCaseTwo" time="0.0">
    <ignored/>
  </testcase> <!-- testCaseTwo -->
  <testcase classname="core.EnableAndDisable" name="testCaseOne" time="0.0">
    <ignored/>
  </testcase> <!-- testCaseOne -->
</testsuite> <!-- Default test -->
