<?xml version="1.0" encoding="UTF-8"?>
<!-- Generated by org.testng.reporters.JUnitXMLReporter -->
<testsuite ignored="0" hostname="DESKTOP-73G0TGN" failures="0" tests="4" name="Test" time="44.051" errors="0" timestamp="2023-03-05T08:49:29 IST">
  <testcase classname="core.DependsOnMethod" name="testCaseOne" time="0.906"/>
  <testcase classname="core.DependsOnMethod" name="testCaseTwo" time="0.24"/>
  <testcase classname="core.DependsOnMethod" name="testCaseThree" time="0.311"/>
  <testcase classname="core.DependsOnMethod" name="testCaseFour" time="0.291"/>
</testsuite> <!-- Test -->
