<?xml version="1.0" encoding="UTF-8"?>
<!-- Generated by org.testng.reporters.JUnitXMLReporter -->
<testsuite ignored="0" hostname="DESKTOP-73G0TGN" failures="0" tests="4" name="Test" time="100.985" errors="0" timestamp="2023-03-05T08:15:31 IST">
  <testcase classname="core.LoginTest" name="testCaseThree" time="3.154"/>
  <testcase classname="core.LoginTest" name="testCaseFour" time="3.419"/>
  <testcase classname="core.LoginTest" name="testCaseOne" time="0.363"/>
  <testcase classname="core.LoginTest" name="testCaseTwo" time="0.291"/>
</testsuite> <!-- Test -->
