<?xml version="1.0" encoding="UTF-8"?>
<testng-results ignored="0" total="4" passed="4" failed="0" skipped="0">
  <reporter-output>
  </reporter-output>
  <suite started-at="2023-03-05T08:48:45 IST" name="Suite" finished-at="2023-03-05T08:49:29 IST" duration-ms="44051">
    <groups>
    </groups>
    <test started-at="2023-03-05T08:48:45 IST" name="Test" finished-at="2023-03-05T08:49:29 IST" duration-ms="44051">
      <class name="core.DependsOnMethod">
        <test-method is-config="true" signature="beforeMethod()[pri:0, instance:core.DependsOnMethod@865dd6]" started-at="2023-03-05T08:48:45 IST" name="beforeMethod" finished-at="2023-03-05T08:49:01 IST" duration-ms="16161" status="PASS">
          <reporter-output>
          </reporter-output>
        </test-method> <!-- beforeMethod -->
        <test-method signature="testCaseOne()[pri:0, instance:core.DependsOnMethod@865dd6]" started-at="2023-03-05T08:49:01 IST" name="testCaseOne" finished-at="2023-03-05T08:49:02 IST" duration-ms="906" status="PASS">
          <reporter-output>
          </reporter-output>
        </test-method> <!-- testCaseOne -->
        <test-method is-config="true" signature="afterMethod()[pri:0, instance:core.DependsOnMethod@865dd6]" started-at="2023-03-05T08:49:02 IST" name="afterMethod" finished-at="2023-03-05T08:49:03 IST" duration-ms="710" status="PASS">
          <reporter-output>
          </reporter-output>
        </test-method> <!-- afterMethod -->
        <test-method is-config="true" signature="beforeMethod()[pri:0, instance:core.DependsOnMethod@865dd6]" started-at="2023-03-05T08:49:03 IST" name="beforeMethod" finished-at="2023-03-05T08:49:13 IST" duration-ms="9740" status="PASS">
          <reporter-output>
          </reporter-output>
        </test-method> <!-- beforeMethod -->
        <test-method signature="testCaseTwo()[pri:0, instance:core.DependsOnMethod@865dd6]" started-at="2023-03-05T08:49:13 IST" name="testCaseTwo" finished-at="2023-03-05T08:49:13 IST" depends-on-methods="core.DependsOnMethod.testCaseOne" duration-ms="240" status="PASS">
          <reporter-output>
          </reporter-output>
        </test-method> <!-- testCaseTwo -->
        <test-method is-config="true" signature="afterMethod()[pri:0, instance:core.DependsOnMethod@865dd6]" started-at="2023-03-05T08:49:13 IST" name="afterMethod" finished-at="2023-03-05T08:49:13 IST" duration-ms="353" status="PASS">
          <reporter-output>
          </reporter-output>
        </test-method> <!-- afterMethod -->
        <test-method is-config="true" signature="beforeMethod()[pri:0, instance:core.DependsOnMethod@865dd6]" started-at="2023-03-05T08:49:13 IST" name="beforeMethod" finished-at="2023-03-05T08:49:20 IST" duration-ms="6446" status="PASS">
          <reporter-output>
          </reporter-output>
        </test-method> <!-- beforeMethod -->
        <test-method signature="testCaseThree()[pri:0, instance:core.DependsOnMethod@865dd6]" started-at="2023-03-05T08:49:20 IST" name="testCaseThree" finished-at="2023-03-05T08:49:20 IST" depends-on-methods="core.DependsOnMethod.testCaseTwo" duration-ms="311" status="PASS">
          <reporter-output>
          </reporter-output>
        </test-method> <!-- testCaseThree -->
        <test-method is-config="true" signature="afterMethod()[pri:0, instance:core.DependsOnMethod@865dd6]" started-at="2023-03-05T08:49:20 IST" name="afterMethod" finished-at="2023-03-05T08:49:20 IST" duration-ms="285" status="PASS">
          <reporter-output>
          </reporter-output>
        </test-method> <!-- afterMethod -->
        <test-method is-config="true" signature="beforeMethod()[pri:0, instance:core.DependsOnMethod@865dd6]" started-at="2023-03-05T08:49:20 IST" name="beforeMethod" finished-at="2023-03-05T08:49:29 IST" duration-ms="8222" status="PASS">
          <reporter-output>
          </reporter-output>
        </test-method> <!-- beforeMethod -->
        <test-method signature="testCaseFour()[pri:0, instance:core.DependsOnMethod@865dd6]" started-at="2023-03-05T08:49:29 IST" name="testCaseFour" finished-at="2023-03-05T08:49:29 IST" depends-on-methods="core.DependsOnMethod.testCaseThree" duration-ms="291" status="PASS">
          <reporter-output>
          </reporter-output>
        </test-method> <!-- testCaseFour -->
        <test-method is-config="true" signature="afterMethod()[pri:0, instance:core.DependsOnMethod@865dd6]" started-at="2023-03-05T08:49:29 IST" name="afterMethod" finished-at="2023-03-05T08:49:29 IST" duration-ms="314" status="PASS">
          <reporter-output>
          </reporter-output>
        </test-method> <!-- afterMethod -->
      </class> <!-- core.DependsOnMethod -->
    </test> <!-- Test -->
  </suite> <!-- Suite -->
</testng-results>
